163:/home/ubuntu/.luarocks/share/lua/5.1/busted/block.lua
0 0 0 0 0 0 0 0 0 0 0 0 0 0 0 1 1 0 1 323 0 323 324 0 1 19 19 342 323 304 0 0 20 0 0 0 0 0 0 1 0 1 74 0 74 55 55 0 0 0 0 74 6 0 74 74 68 0 0 6 6 0 0 0 0 0 0 6 0 6 1 0 1 80 0 80 55 55 0 0 0 0 80 0 80 80 0 0 0 0 0 80 1 0 1 86 86 0 86 86 0 0 0 0 0 0 86 55 0 0 0 86 1 0 1 19 1 0 1 6 6 6 0 7 0 1 6 1 0 1 6 1 0 1 5 0 5 5 5 0 0 0 0 5 0 5 5 0 5 0 0 0 0 5 5 0 0 5 5 0 6 0 1 
130:/home/ubuntu/.luarocks/share/lua/5.1/busted/context.lua
0 0 0 1 43 42 0 1 1 1 1 1 0 0 0 1 43 42 0 43 0 42 0 0 0 93 92 0 1 0 0 0 0 0 0 0 0 0 0 0 0 0 0 0 0 0 0 0 0 0 0 0 0 0 0 0 0 0 0 0 0 0 0 0 24 24 1 23 0 23 0 0 24 24 0 0 24 24 0 0 24 1 0 24 0 0 426 0 0 0 0 0 0 0 0 0 0 0 0 0 0 0 0 0 24 24 24 24 0 0 7 0 0 0 1781 0 0 0 98 98 98 98 98 0 0 98 98 98 98 98 
317:/home/ubuntu/.luarocks/share/lua/5.1/busted/core.lua
0 0 0 0 0 0 0 0 0 0 0 0 0 0 0 0 0 0 0 0 0 4 0 0 0 0 2 2 0 2 2 0 0 0 0 0 2 0 0 0 1 0 0 0 0 0 0 0 0 0 0 0 0 0 0 0 0 0 0 0 0 0 0 0 0 0 0 0 0 25 25 0 25 25 29 27 4 4 0 0 25 25 0 25 25 0 0 0 2 2 2 2 0 2 2 2 2 2 0 0 2 0 0 0 77 0 0 0 34 0 0 0 0 0 0 0 27 0 52 52 1 1 1 1 1 1 0 0 51 26 26 26 26 26 0 0 25 0 0 0 0 0 0 0 0 0 0 0 0 0 0 0 2 2 2 0 0 0 0 0 0 0 0 0 0 0 1 0 1 0 1 0 0 98 98 98 0 196 2 2 2 198 0 98 2 0 0 0 2 0 0 0 0 0 0 0 0 0 0 0 2 0 98 0 98 98 0 0 0 50 50 50 25 25 25 25 25 25 0 100 50 100 50 0 0 0 0 0 0 0 0 0 0 0 0 0 0 0 0 0 0 0 0 0 0 0 0 0 0 0 0 0 0 0 0 0 0 0 24 0 0 24 0 0 0 24 0 24 24 23 0 0 0 24 48 0 24 24 0 0 0 0 0 0 24 24 24 24 24 24 24 24 24 24 24 24 0 0 24 0 24 7 0 17 0 24 0 0 0 6 30 24 24 48 24 0 6 
31:/home/ubuntu/.luarocks/share/lua/5.1/busted/environment.lua
0 0 0 0 0 0 0 1705 0 1701 1349 1701 0 0 0 0 0 0 0 0 356 0 0 0 0 0 0 0 0 0 1 
72:/home/ubuntu/.luarocks/share/lua/5.1/busted/execute.lua
1 1 1 0 0 0 0 0 0 0 0 0 1 0 0 1 0 0 1 1 0 0 0 0 0 0 0 0 0 0 0 0 0 0 0 0 0 0 1 0 2 1 0 0 0 0 0 1 0 1 0 0 0 0 1 1 1 1 0 1 1 0 1 0 1 0 0 0 2 0 1 1 
129:/home/ubuntu/.luarocks/share/lua/5.1/busted/init.lua
0 0 0 0 1 1 1 0 1 1 0 0 4 4 4 0 4 4 0 0 19 19 0 19 0 0 0 0 19 0 19 19 19 0 19 0 19 19 19 19 19 0 0 0 0 0 0 19 0 0 19 19 0 0 0 0 0 0 0 0 0 0 0 0 0 0 0 0 0 0 0 0 0 0 0 0 0 0 0 0 0 0 0 0 0 0 0 0 0 0 0 0 0 0 0 0 0 0 0 0 0 0 0 0 0 0 0 0 0 0 0 0 0 0 0 0 0 0 0 0 0 0 0 0 0 0 0 0 72 
50:/home/ubuntu/.luarocks/share/lua/5.1/busted/languages/en.lua
1 0 1 0 0 1 1 1 1 0 1 1 1 1 0 1 1 1 1 0 1 1 1 1 0 1 0 1 1 0 0 1 1 1 1 1 1 1 1 1 0 1 1 1 1 1 1 0 1 1 
4:/home/ubuntu/.luarocks/share/lua/5.1/busted/luajit.lua
1 0 1 2 
23:/home/ubuntu/.luarocks/share/lua/5.1/busted/modules/files/lua.lua
1 0 1 0 0 25 25 25 1 0 0 1 1 0 0 1 1 0 0 1 1 0 1 
107:/home/ubuntu/.luarocks/share/lua/5.1/busted/modules/files/moonscript.lua
1 0 2 1 1 0 1 0 0 0 0 0 0 0 0 0 0 1 0 0 0 0 0 0 0 0 0 0 0 0 1 0 0 0 0 0 1 0 0 0 0 0 0 0 0 0 0 0 0 0 0 0 0 0 0 0 0 0 0 0 0 0 0 0 0 0 1 0 1 0 0 0 0 0 0 0 0 0 0 0 1 0 0 0 0 0 0 0 0 0 0 0 1 0 0 0 1 0 0 0 0 0 0 0 1 0 1 
156:/home/ubuntu/.luarocks/share/lua/5.1/busted/modules/filter_loader.lua
0 0 0 19 19 0 55 55 36 36 0 0 19 1 0 0 0 0 1 0 0 23 0 0 0 0 23 1 0 0 19 19 0 0 0 0 19 1 0 0 23 0 0 0 0 23 1 0 1 1 0 0 0 0 0 0 0 0 0 0 0 0 1 0 0 23 0 0 0 0 23 1 0 0 19 0 0 0 0 19 1 0 0 0 0 0 0 0 0 0 0 0 1 0 0 0 1 0 1 0 0 0 0 0 0 1 0 0 0 1 0 0 10 18 13 0 0 11 0 0 0 0 0 0 0 0 1 0 1 0 0 0 0 0 0 0 0 0 0 0 0 0 0 1 1 1 1 0 0 1 1 1 1 1 1 1 
34:/home/ubuntu/.luarocks/share/lua/5.1/busted/modules/output_handler_loader.lua
0 0 0 0 0 0 0 0 1 2 1 0 1 0 0 1 0 2 0 1 0 0 0 1 0 0 0 0 1 0 0 0 1 1 
101:/home/ubuntu/.luarocks/share/lua/5.1/busted/modules/test_file_loader.lua
1 0 0 1 1 1 1 0 3 2 2 0 0 0 0 0 1 1 0 0 0 0 0 0 0 0 0 0 0 0 0 0 0 0 0 0 0 0 0 0 0 0 0 0 0 0 0 0 0 1 1 1 0 0 1 2 1 0 1 1 0 0 0 1 1 1 0 0 1 0 0 1 0 2 1 0 1 2 1 1 1 1 0 0 1 0 0 0 1 0 0 0 0 0 0 0 1 1 0 1 1 
181:/home/ubuntu/.luarocks/share/lua/5.1/busted/outputHandlers/base.lua
1 1 0 0 1 1 1 1 1 1 1 1 1 1 1 0 0 0 59 1 0 0 1 1 0 1 0 0 0 1 1 1 1 1 1 1 1 1 1 2 0 0 19 19 0 55 55 0 36 36 0 0 19 1 0 0 0 19 228 209 171 0 0 19 19 0 19 19 19 19 19 19 19 0 19 0 19 1 0 0 1 0 0 0 1 1 0 0 1 1 1 1 0 0 0 0 0 0 0 0 0 0 0 0 0 1 0 0 1 1 1 1 0 0 19 19 1 0 0 0 0 19 17 17 2 2 2 0 0 0 0 0 0 0 0 0 19 0 19 19 23 4 0 0 19 0 0 19 0 19 1 0 0 2 2 2 2 1 0 0 0 0 1 0 0 0 0 0 1 0 0 0 0 0 0 0 0 1 0 1 1 
185:/home/ubuntu/.luarocks/share/lua/5.1/busted/outputHandlers/plainTerminal.lua
1 1 1 1 1 1 1 1 1 0 0 1 1 0 1 1 1 1 0 0 2 0 2 2 2 2 0 2 2 0 0 0 0 2 1 0 0 0 0 0 0 0 0 0 0 0 0 1 0 0 0 0 0 0 0 0 0 0 0 0 0 0 0 0 0 0 0 0 0 0 0 0 1 0 0 1 1 1 1 0 1 1 1 1 1 0 1 0 1 0 0 0 1 1 0 0 0 0 1 0 1 0 0 0 1 1 0 0 0 0 1 0 1 1 1 1 1 1 0 0 19 19 0 19 2 17 0 17 0 0 0 19 19 0 0 19 1 0 0 1 1 1 0 1 1 0 0 1 1 0 3 2 2 0 0 1 0 0 0 0 1 0 0 0 0 1 1 0 0 0 0 0 0 1 0 1 1 1 1 1 1 1 0 1 1 
221:/home/ubuntu/.luarocks/share/lua/5.1/busted/runner.lua
0 0 0 0 0 0 0 0 0 0 0 0 0 0 0 0 0 0 0 0 0 0 0 0 0 0 0 0 0 0 0 0 0 0 0 0 0 0 0 0 0 0 0 0 0 0 0 0 0 0 0 0 0 0 0 0 0 0 0 1 0 0 0 0 0 0 1 0 0 0 0 1 0 0 0 0 0 1 1 0 0 1 1 0 0 0 1 1 0 0 0 0 0 1 1 1 0 2 0 0 1 0 2 0 0 1 0 2 0 0 0 1 0 2 0 0 0 0 0 0 0 1 0 0 1 1 1 0 0 2 1 1 1 1 1 1 1 0 0 0 1 0 0 1 0 0 0 0 0 0 0 0 0 0 0 0 0 0 0 0 0 0 0 0 0 0 0 1 0 1 0 0 0 0 0 0 0 0 0 2 1 1 1 1 1 1 1 1 1 0 0 1 0 1 1 1 2 1 1 1 1 0 0 0 0 0 0 1 1 2 1 1 1 0 0 1 0 1 0 0 1 
42:/home/ubuntu/.luarocks/share/lua/5.1/busted/status.lua
0 136 136 136 136 136 136 136 136 0 136 0 0 0 117 117 172 117 117 117 0 0 0 117 0 0 0 117 0 0 0 19 19 19 0 136 0 0 234 117 155 117 
35:/home/ubuntu/.luarocks/share/lua/5.1/busted/utils.lua
0 0 0 1 1 5 4 4 0 0 1 0 0 0 0 0 0 0 0 0 0 0 0 0 0 0 1 1 1 1 1 5 4 0 1 
337:/home/ubuntu/.luarocks/share/lua/5.1/inspect.lua
1 1 0 0 0 0 0 0 0 0 0 0 0 0 0 0 0 0 0 1 1 1 0 0 0 0 0 0 0 0 0 0 0 0 0 0 0 0 0 0 0 0 0 0 0 1 1 1 0 1 1 1 1 1 1 0 0 0 1 0 0 0 0 0 0 0 0 1 0 0 1 1 1 0 1 33 32 32 25 25 0 0 0 0 0 0 0 1 0 0 0 1 0 1 0 0 0 0 0 1 0 1 1 1 0 0 0 0 0 0 0 0 0 0 0 0 0 0 0 1 0 0 0 0 0 0 0 0 0 0 0 0 0 0 0 0 0 0 1 0 0 0 0 0 0 0 0 0 0 0 0 0 0 1 0 0 0 0 0 0 0 0 0 0 1 0 0 0 0 0 0 0 0 0 0 0 0 0 0 0 0 0 0 0 0 0 0 0 0 0 0 0 0 1 0 0 0 0 1 0 0 0 1 0 0 0 0 0 0 0 0 0 0 1 0 0 0 1 0 1 0 0 0 0 0 0 0 0 1 0 1 0 0 0 0 0 0 0 0 0 0 0 0 0 0 0 0 0 0 0 0 0 0 0 0 0 0 0 0 0 0 0 0 0 0 0 0 0 0 0 0 0 0 0 0 0 0 0 0 0 0 0 0 0 0 0 0 0 0 0 0 0 0 0 0 1 0 0 0 0 1 0 0 0 0 0 0 0 0 0 0 0 0 0 0 0 0 0 0 0 0 0 0 0 0 0 0 0 1 0 2 0 0 1 0 0 1 
175:/home/ubuntu/.luarocks/share/lua/5.1/luassert/assert.lua
0 0 0 0 0 0 0 0 0 0 0 0 0 0 0 0 0 0 0 0 0 0 0 0 0 0 23 0 23 0 70 47 0 0 23 70 47 24 0 0 0 23 23 0 23 0 0 0 0 0 0 0 0 23 0 0 23 0 0 0 0 0 0 0 0 0 0 0 0 0 0 0 91 47 0 0 44 0 0 0 0 23 0 0 0 0 0 0 0 0 0 0 0 0 0 0 0 0 0 0 0 0 0 0 0 0 0 0 0 0 0 0 0 0 0 0 0 0 0 0 0 0 0 0 0 0 0 0 0 0 0 0 0 0 0 0 0 0 0 0 0 0 0 0 0 0 0 0 0 0 0 0 0 0 0 0 0 0 0 0 0 0 0 0 0 0 21 0 0 0 21 0 0 0 23 
302:/home/ubuntu/.luarocks/share/lua/5.1/luassert/assertions.lua
0 0 0 0 0 0 0 0 0 0 0 0 0 0 0 0 0 0 23 1 0 23 0 0 0 0 0 0 0 0 0 0 0 0 0 0 0 0 0 0 0 0 0 0 0 0 0 0 0 0 0 0 0 0 0 0 0 0 0 0 0 0 0 0 0 0 0 0 0 0 0 0 0 0 0 0 0 0 0 0 0 0 0 0 0 0 0 0 0 0 0 0 0 0 0 0 0 0 0 0 0 0 0 0 0 0 0 0 0 0 0 0 20 20 20 20 0 20 20 20 0 0 0 1 1 1 1 1 0 1 1 1 1 1 1 0 0 0 0 0 0 0 0 0 0 0 0 0 0 0 0 0 0 0 0 0 0 0 0 0 0 0 0 0 0 0 0 0 0 0 0 0 0 0 0 0 0 0 0 0 0 0 0 0 0 0 0 0 0 0 0 0 0 0 0 0 0 0 0 0 0 0 0 0 0 0 0 0 0 0 0 0 0 0 0 0 0 0 0 0 0 0 0 0 0 0 0 0 0 0 0 0 0 0 0 0 0 0 0 0 0 0 0 0 0 0 0 0 0 0 0 0 0 0 0 0 0 0 0 0 0 0 0 0 1 1 1 0 0 0 0 0 0 0 0 0 1 1 1 1 1 0 0 0 0 0 0 0 0 0 0 0 0 0 0 0 0 0 0 0 0 1 
10:/home/ubuntu/.luarocks/share/lua/5.1/luassert/modifiers.lua
0 0 0 0 23 0 0 0 1 1 
353:/home/ubuntu/.luarocks/share/lua/5.1/luassert/util.lua
0 0 0 0 0 0 0 0 0 0 0 0 7 7 0 7 1 1 0 1 0 0 0 1 0 0 0 1 1 1 1 1 0 0 0 1 0 0 0 1 1 0 7 6 6 0 0 0 6 6 0 0 0 0 0 7 0 0 6 0 0 1 1 0 1 0 0 0 0 0 0 0 0 0 0 0 0 0 0 0 0 0 0 0 0 0 0 0 0 0 0 0 0 0 0 0 0 0 0 0 0 0 0 0 0 0 0 0 0 0 0 0 0 0 0 0 0 0 0 0 0 0 0 0 0 0 0 0 0 0 0 0 0 0 0 0 0 0 0 0 0 0 0 0 0 0 0 0 0 0 0 0 0 0 0 0 0 0 0 0 0 0 0 0 0 0 0 0 0 0 0 0 0 0 0 0 0 0 0 0 0 0 0 0 0 0 0 0 0 0 0 0 0 0 0 0 0 0 0 0 0 0 0 0 0 0 0 0 0 0 0 0 0 23 23 23 23 23 23 0 0 0 0 23 23 0 23 0 0 0 0 0 45 22 0 0 23 23 0 0 0 0 0 0 0 0 0 21 21 0 21 0 0 0 0 0 21 0 42 21 0 0 21 21 21 0 0 0 0 0 0 0 0 0 0 0 0 0 0 0 0 0 0 0 0 0 0 0 0 0 0 0 0 23 23 23 23 46 23 23 23 0 23 23 0 0 0 0 0 0 0 0 23 0 0 23 23 23 70 47 47 0 0 47 47 0 0 0 0 0 0 47 47 47 0 47 0 0 0 23 0 0 0 23 0 0 0 0 0 0 23 23 23 
154:/home/ubuntu/.luarocks/share/lua/5.1/mediator.lua
0 34 0 0 0 34 34 34 34 0 0 0 0 0 34 0 34 34 0 0 0 0 0 26 26 26 26 26 26 0 0 34 34 0 34 0 34 23 23 0 18 0 0 34 0 34 26 0 0 0 0 0 0 0 0 0 0 0 0 26 0 0 0 0 0 0 0 0 26 0 0 26 26 26 0 0 0 26 0 0 216 26 0 0 0 0 0 0 0 0 0 0 0 26 0 0 352 194 0 0 194 0 194 0 194 194 0 0 0 158 105 0 53 0 26 26 0 0 0 0 0 0 0 0 0 0 0 0 0 0 0 111 0 327 216 0 0 111 0 0 0 34 0 0 0 0 0 0 0 0 0 0 0 77 
527:/home/ubuntu/.luarocks/share/lua/5.1/pl/dir.lua
0 0 0 0 0 0 0 1 1 1 1 1 1 1 1 1 1 1 0 1 1 0 1 0 0 0 1 0 0 0 1 0 0 0 0 1 0 0 0 0 0 0 0 0 0 0 1 0 0 0 1 0 0 0 0 0 0 1 0 0 0 0 0 0 0 0 1 0 0 0 0 0 0 0 0 0 0 0 0 0 0 1 0 0 0 0 0 0 1 0 0 0 0 0 0 0 0 0 0 0 1 0 0 0 0 0 1 0 0 0 1 0 1 0 0 0 0 0 0 0 0 0 0 0 0 0 0 1 0 0 0 0 0 0 0 0 0 0 0 0 0 0 0 0 0 0 0 0 0 0 0 0 0 0 0 0 0 0 0 0 0 0 0 0 0 0 0 0 0 0 0 0 0 0 0 0 0 0 0 0 0 0 0 0 0 1 0 0 0 1 0 0 0 0 0 0 0 0 0 0 0 0 0 0 0 0 0 0 0 0 0 0 0 0 0 0 0 0 0 0 0 0 0 0 0 0 0 0 0 0 0 1 0 0 0 0 0 0 0 1 0 0 0 0 1 0 0 0 0 0 0 1 0 0 0 1 0 0 0 0 0 0 0 0 0 0 0 0 0 0 0 0 1 0 0 0 0 0 0 0 0 0 0 0 0 0 0 0 1 0 0 0 0 0 0 0 0 0 0 0 0 0 0 0 0 0 0 0 0 0 0 0 0 0 0 0 0 0 1 0 0 0 0 0 0 0 1 0 0 0 0 0 0 0 0 0 0 0 0 0 0 0 0 0 0 0 0 0 0 0 0 1 0 0 0 1 1 0 0 1 0 0 1 0 0 0 0 0 0 0 0 0 0 0 0 0 0 0 1 0 0 0 0 0 0 1 0 0 0 0 0 2 0 0 0 0 0 0 0 0 0 0 0 0 0 0 1 0 0 0 0 0 0 0 0 0 0 0 0 0 0 0 0 0 0 0 0 0 0 0 0 0 0 0 0 0 0 0 0 0 0 0 0 0 0 0 0 0 1 0 0 0 0 0 0 0 0 0 0 0 0 0 0 0 0 0 0 0 0 0 0 0 0 0 0 0 0 0 0 0 1 0 0 0 0 0 0 1 0 0 0 0 0 0 0 0 0 0 1 0 0 0 0 0 0 0 0 1 0 0 0 0 0 0 0 0 0 0 0 0 0 0 0 0 1 0 1 
331:/home/ubuntu/.luarocks/share/lua/5.1/pl/path.lua
0 0 0 0 0 0 0 0 0 0 0 0 0 0 0 0 0 0 0 0 0 0 0 0 0 0 0 0 0 0 0 0 0 0 0 0 0 0 0 0 0 0 0 0 0 0 0 0 0 0 0 0 0 0 0 0 0 0 0 0 0 0 0 0 0 0 0 0 0 0 0 0 0 0 0 0 0 0 0 0 0 0 0 0 0 0 0 0 0 0 0 0 0 0 0 0 0 0 0 0 0 0 0 0 0 0 0 0 0 0 0 0 0 0 0 0 0 0 0 0 0 0 0 0 0 0 0 0 0 1 1 0 0 0 0 0 0 0 0 0 0 0 0 0 0 0 0 0 0 0 0 0 0 0 0 0 0 0 0 0 0 0 0 0 0 0 0 0 0 0 0 0 0 0 0 0 0 0 0 0 0 0 772 0 0 0 0 0 0 0 0 0 0 0 0 0 0 0 0 0 0 0 0 0 0 0 0 0 0 0 0 0 0 0 0 0 0 0 0 0 0 0 0 0 0 0 0 0 0 0 0 52 52 52 768 716 716 0 52 0 0 52 0 0 0 0 0 0 0 0 0 0 0 0 0 0 0 0 0 0 0 0 0 0 0 0 0 0 0 0 0 0 0 0 0 0 0 1 1 1 4 3 0 0 3 3 0 1 0 0 1 0 0 0 0 0 0 0 0 0 0 0 52 52 52 0 0 0 0 0 0 0 0 0 0 0 0 0 0 0 0 0 0 0 0 0 0 0 1 1 1 
889:/home/ubuntu/.luarocks/share/lua/5.1/pl/tablex.lua
0 0 0 0 0 0 0 0 0 0 0 0 0 0 0 0 0 0 0 0 0 0 0 0 0 0 0 0 0 0 0 0 0 0 0 0 0 0 0 0 0 0 0 0 2 0 0 2 0 0 0 0 0 0 0 0 0 0 0 0 0 0 0 0 0 0 0 0 0 0 0 0 0 0 0 0 0 0 0 0 0 0 0 0 0 0 0 0 0 2 2 93 91 0 2 0 0 0 0 0 0 0 0 0 0 0 0 0 0 0 0 0 0 0 0 0 0 0 0 0 0 0 0 0 0 0 0 0 0 0 0 0 0 0 0 0 0 0 0 0 0 0 0 0 0 0 0 0 0 0 0 0 0 0 0 0 0 0 0 0 0 0 0 0 0 0 0 0 0 0 0 0 0 0 0 0 0 0 0 0 0 0 0 0 0 0 0 0 0 0 0 0 0 0 0 0 0 0 0 0 0 0 0 0 0 0 0 0 0 0 0 0 0 0 0 0 0 0 0 0 0 0 0 0 0 0 0 0 0 0 0 0 0 0 0 0 0 0 0 0 0 0 0 0 0 0 0 0 0 0 0 0 0 0 0 0 0 0 0 0 0 0 0 0 0 0 0 0 0 0 0 0 0 0 0 0 0 0 0 0 0 0 0 0 0 0 0 0 0 0 0 0 0 0 0 0 0 0 0 0 0 0 0 0 0 0 0 0 0 0 0 0 0 0 0 0 0 0 0 0 0 0 0 0 0 0 0 0 0 0 0 0 0 0 0 0 0 0 0 0 0 0 0 0 0 0 0 0 0 0 0 0 0 0 0 0 0 0 0 0 0 0 0 0 0 0 0 0 0 0 0 0 0 0 0 0 0 0 0 0 0 0 0 0 0 0 0 0 0 0 0 0 0 0 0 0 0 0 0 0 0 0 0 0 0 0 0 0 0 0 0 0 0 0 0 0 0 0 0 0 0 0 0 0 0 0 0 0 0 0 0 0 0 0 0 0 0 0 0 0 0 0 0 0 0 0 0 0 0 0 0 0 0 0 0 0 0 0 0 0 0 0 0 0 0 0 0 0 0 0 0 0 0 0 0 0 0 0 0 0 0 0 0 0 0 0 0 0 0 0 0 0 0 0 0 0 0 0 0 0 0 0 0 0 0 0 0 0 0 0 0 0 0 0 0 0 0 0 0 0 0 0 0 0 0 0 0 0 0 0 0 0 0 0 0 0 0 0 0 0 0 0 0 0 0 0 0 0 0 0 0 0 0 0 0 0 0 0 0 0 0 0 0 0 0 0 0 0 0 0 0 0 0 0 0 0 0 0 0 0 0 0 0 0 0 0 0 0 0 0 0 0 0 0 0 0 0 0 0 0 0 0 0 0 0 0 0 0 0 0 0 0 0 0 0 0 0 0 0 0 0 0 0 0 0 0 0 0 0 0 0 0 0 0 0 0 0 0 0 0 0 0 0 0 0 0 0 0 0 0 0 0 0 0 0 0 0 0 0 0 0 0 0 0 0 0 0 0 0 0 0 0 0 0 0 0 0 0 0 0 0 0 0 0 0 0 0 0 0 0 0 0 0 0 0 0 0 0 0 0 0 0 0 0 0 0 0 0 0 0 0 0 0 0 0 0 0 0 0 0 0 0 0 0 0 0 0 0 0 0 0 0 0 0 0 0 0 0 0 0 0 0 0 0 0 0 0 0 0 0 0 0 0 0 0 0 0 0 0 0 0 0 0 0 0 0 0 0 0 0 0 0 0 0 0 0 0 0 0 0 0 0 0 0 0 0 0 0 0 0 0 0 0 0 0 0 0 0 0 0 0 0 0 0 0 0 0 0 0 0 0 0 0 0 0 0 0 0 0 0 0 0 0 0 0 0 0 0 0 0 0 0 0 0 0 0 0 0 0 0 0 0 0 0 0 0 0 0 0 0 0 0 0 0 0 0 0 0 0 0 0 0 0 0 0 0 0 0 0 0 0 0 1 1 1 1 0 0 0 1 1 0 0 1 2 1 0 0 1 
115:/home/ubuntu/.luarocks/share/lua/5.1/pl/types.lua
0 0 0 0 0 0 0 0 0 0 0 0 0 0 0 0 0 0 0 0 0 0 0 0 0 0 0 0 0 0 0 0 0 0 0 0 0 0 0 0 0 0 0 0 0 0 0 0 0 0 0 0 0 0 0 0 0 0 0 0 0 0 0 0 0 0 0 0 0 0 0 0 0 0 0 0 0 0 0 0 0 0 0 0 2 0 0 0 0 0 0 0 0 0 0 0 0 0 0 0 0 0 0 0 0 0 0 0 0 0 0 0 0 2 2 
475:/home/ubuntu/.luarocks/share/lua/5.1/pl/utils.lua
0 0 0 0 0 0 0 0 0 0 0 0 0 0 0 0 0 0 0 0 0 0 0 0 0 0 0 0 0 0 0 0 0 0 0 0 0 0 0 0 0 0 0 0 0 0 0 0 0 0 0 0 0 0 0 0 0 0 0 0 0 0 0 0 0 0 0 0 0 0 0 0 0 0 0 0 0 0 0 0 0 0 0 0 0 0 0 0 0 0 0 0 0 0 0 0 0 0 0 0 0 0 0 0 0 0 0 0 0 0 0 0 0 0 0 0 0 0 0 0 0 0 0 0 0 0 0 0 0 0 0 0 0 0 0 0 0 0 0 0 0 0 0 0 0 0 0 0 0 0 0 0 0 0 0 0 0 0 0 0 0 0 0 0 0 0 0 0 0 0 0 0 0 0 0 0 0 0 0 0 0 0 0 0 0 0 0 0 0 0 0 0 0 0 0 0 0 0 0 0 0 0 0 0 0 0 0 0 0 0 0 0 0 0 0 0 0 0 0 0 0 0 0 0 0 0 0 0 0 0 0 0 0 0 0 0 0 0 0 0 0 0 0 0 0 0 0 0 0 0 0 0 0 0 0 0 0 0 0 0 0 0 0 0 0 0 0 0 0 0 0 0 0 0 0 0 0 0 0 0 0 0 0 0 0 0 0 0 0 108 0 0 108 0 0 108 0 0 0 0 0 0 0 0 0 0 0 0 0 0 0 0 0 0 0 0 0 0 0 0 0 0 0 0 0 0 0 0 0 0 0 0 0 0 0 0 0 0 0 0 0 0 0 0 0 0 0 0 0 0 0 0 0 0 0 0 0 0 0 0 0 0 0 0 0 0 0 0 0 0 0 0 0 0 0 0 0 0 0 0 0 0 0 0 0 0 0 0 0 0 0 0 0 0 0 0 0 0 0 0 0 0 0 0 0 0 0 0 0 0 0 0 0 0 0 0 0 0 0 0 0 0 0 0 0 0 0 0 0 0 0 0 0 0 0 0 0 0 0 0 0 0 0 0 0 0 0 0 0 0 0 0 0 0 0 0 0 0 0 0 0 0 0 0 0 0 0 0 0 0 0 0 0 0 107 
52:/home/ubuntu/.luarocks/share/lua/5.1/say/init.lua
0 0 0 0 0 0 0 0 0 0 0 0 0 1 1 0 0 1 0 0 0 0 0 0 0 0 0 19 19 0 0 0 0 30 0 0 30 30 0 30 0 30 0 0 30 30 0 93 63 0 0 30 
84:/usr/share/lua/5.1/luarocks/core/dir.lua
0 0 0 0 0 0 0 184 184 184 0 0 184 0 0 0 0 0 0 0 0 0 0 0 0 46 46 0 0 138 92 0 46 0 0 0 0 0 0 0 0 92 0 92 92 92 92 92 0 92 0 0 0 0 0 0 0 0 92 92 92 92 92 0 0 345 253 0 0 0 0 0 0 253 253 0 0 92 92 92 0 92 92 92 
109:/usr/share/lua/5.1/luarocks/core/manif.lua
0 0 0 0 0 0 0 0 0 0 0 0 0 0 0 0 0 0 0 0 0 0 0 0 0 0 0 0 0 0 0 0 46 46 0 0 0 0 0 0 0 0 0 0 0 0 0 0 0 0 0 0 0 0 0 0 0 0 46 0 46 46 46 0 0 0 0 0 0 0 23 46 46 46 46 0 69 23 0 0 0 10 9 0 1 0 1 1 0 1 1 1 0 1 2 1 0 3 2 2 0 0 0 0 0 0 0 0 1 
147:/usr/share/lua/5.1/luarocks/core/path.lua
0 0 0 0 0 0 0 0 0 0 46 0 0 46 46 0 0 0 0 0 0 0 0 0 0 0 0 0 0 0 0 0 0 0 0 0 0 0 0 0 0 0 0 0 11 0 11 11 11 0 0 0 0 0 0 0 0 0 0 0 0 0 11 11 11 0 0 0 0 0 0 0 0 0 0 0 0 0 0 0 0 0 0 0 0 0 0 0 0 0 0 0 0 0 0 0 0 0 0 0 0 0 0 0 0 0 0 0 0 0 0 0 92 92 0 0 0 0 0 0 0 0 0 0 0 0 0 0 23 23 23 0 0 23 23 0 0 69 46 23 0 46 46 0 0 0 23 
134:/usr/share/lua/5.1/luarocks/core/vers.lua
0 0 0 0 0 0 0 0 0 0 0 0 0 0 0 0 0 0 0 0 0 0 0 0 0 0 0 0 0 0 0 0 0 0 0 0 0 0 0 0 0 0 0 0 0 0 0 4 3 3 0 0 0 1 1 0 0 0 0 0 0 0 0 0 0 0 0 0 0 0 0 0 0 0 0 0 0 0 0 0 0 0 0 0 0 0 0 0 0 2 2 0 2 2 1 0 0 1 1 0 0 3 3 4 0 0 1 1 0 1 1 1 1 0 4 0 3 3 3 0 0 0 0 0 0 0 0 0 0 3 0 1 1 1 
219:/usr/share/lua/5.1/luarocks/loader.lua
0 0 0 0 0 0 0 0 0 0 0 0 0 0 0 0 0 0 0 0 0 0 0 0 0 0 0 0 0 0 0 0 0 0 0 0 0 0 0 0 0 0 0 0 0 0 0 0 0 0 0 0 0 0 0 0 0 0 0 0 0 0 0 0 10 0 0 0 0 0 0 10 10 0 0 0 10 0 0 0 0 0 0 0 1 0 0 0 0 0 0 0 0 0 0 0 0 0 0 0 0 30 30 20 20 10 0 0 0 0 0 0 0 13 11 11 11 0 0 11 11 9 0 2 2 0 2 0 0 0 0 0 0 0 0 0 0 0 0 0 0 0 0 0 13 13 0 0 0 13 13 21 17 17 11 11 9 0 0 6 6 6 0 0 0 0 0 0 0 0 4 1 1 1 0 3 0 0 0 0 0 0 0 0 0 0 26 11 0 0 11 13 0 0 0 0 0 0 0 0 0 0 0 0 0 0 0 0 0 0 0 0 0 13 13 3 0 10 10 
145:cow/interpreter.lua
1 1 0 1 1 1 0 1 18 18 18 18 18 18 18 18 18 18 18 0 18 18 1 0 1 146 468 455 115 115 0 0 0 19 0 1 18 133 115 6 109 5 5 5 5 0 0 0 19 0 1 107 1 0 1 96 97 0 1 17 17 0 129 112 0 112 85 27 4 23 2 21 1 20 3 2 2 17 3 2 2 14 1 13 2 2 1 1 1 11 5 3 2 2 2 0 2 2 2 0 2 6 2 4 3 2 0 1 1 1 1 1 1 1 0 1 0 0 0 0 0 0 0 0 0 0 0 0 0 0 0 0 0 0 0 0 0 112 0 0 17 1 0 0 1 
158:cow/tests/interpreter_spec.lua
1 1 0 0 1 1 1 1 1 1 0 2 0 2 1 1 1 1 1 2 0 2 1 1 2 2 0 2 2 1 1 1 2 0 2 1 1 1 2 0 2 1 1 1 1 2 0 2 1 1 1 1 2 0 2 1 1 1 2 0 2 1 1 1 1 0 1 1 1 1 2 0 2 1 1 1 2 0 2 1 1 1 1 2 0 2 1 1 1 2 0 2 1 1 1 2 0 2 1 1 1 2 0 2 0 1 1 1 0 0 0 1 2 0 2 1 1 1 2 0 2 1 1 1 1 2 2 0 2 2 1 1 1 1 1 2 2 0 2 2 1 0 0 0 0 0 1 0 2 1 0 0 0 0 0 1 2 3 
